2017-02-16 20:37:14 WARN  TerminalConsulta:23 - Início da aplicação
2017-02-16 20:37:17 DEBUG TerminalConsulta:40 - Produto pesquisado - codigo: 401
2017-02-16 20:37:17 WARN  TerminalConsulta:53 - Fim da aplicação
2017-02-16 20:37:37 WARN  TerminalConsulta:23 - Início da aplicação
2017-02-16 20:37:39 DEBUG TerminalConsulta:40 - Produto pesquisado - codigo: 100
2017-02-16 20:37:39 ERROR TerminalConsulta:49 - Código de produto inexistente
2017-02-16 20:37:39 WARN  TerminalConsulta:53 - Fim da aplicação
2017-02-16 20:38:55 WARN  TerminalConsulta:23 - Início da aplicação
2017-02-16 20:38:58 DEBUG TerminalConsulta:40 - Produto pesquisado - codigo: 100
2017-02-16 20:38:58 ERROR TerminalConsulta:49 - Código de produto inexistente
2017-02-16 20:38:58 WARN  TerminalConsulta:53 - Fim da aplicação
2017-02-16 20:40:28 WARN  TerminalConsulta:23 - Início da aplicação
2017-02-16 20:40:30 DEBUG TerminalConsulta:40 - Produto pesquisado - codigo: 401
2017-02-16 20:40:30 WARN  TerminalConsulta:53 - Fim da aplicação
2017-02-16 20:41:03 WARN  TerminalConsulta:23 - Início da aplicação
2017-02-16 20:41:21 WARN  TerminalConsulta:23 - Início da aplicação
2017-02-16 20:41:41 WARN  TerminalConsulta:23 - Início da aplicação
2017-02-16 20:41:42 DEBUG TerminalConsulta:40 - Produto pesquisado - codigo: 123
2017-02-16 20:41:42 ERROR TerminalConsulta:49 - Código de produto inexistente
2017-02-16 20:41:42 WARN  TerminalConsulta:53 - Fim da aplicação
2017-02-16 20:41:56 WARN  TerminalConsulta:23 - Início da aplicação
2017-02-16 20:43:47 WARN  TerminalConsulta:24 - Início da aplicação
2017-02-16 20:43:49 ERROR TerminalConsulta:58 - Código inválido
2017-02-16 20:43:49 WARN  TerminalConsulta:61 - Fim da aplicação
