#
# A fatal error has been detected by the Java Runtime Environment:
#
#  EXCEPTION_ACCESS_VIOLATION (0xc0000005) at pc=0x000000005519aeb0, pid=6052, tid=0x0000000000001664
#
# JRE version: Java(TM) SE Runtime Environment (8.0_111-b14) (build 1.8.0_111-b14)
# Java VM: Java HotSpot(TM) 64-Bit Server VM (25.111-b14 mixed mode windows-amd64 compressed oops)
# Problematic frame:
# V  [jvm.dll+0x15aeb0]
#
# Failed to write core dump. Minidumps are not enabled by default on client versions of Windows
#
# If you would like to submit a bug report, please visit:
#   http://bugreport.java.com/bugreport/crash.jsp
#

---------------  T H R E A D  ---------------

Current thread (0x0000000001f05800):  JavaThread "main" [_thread_in_vm, id=5732, stack(0x0000000001e00000,0x0000000001f00000)]

siginfo: ExceptionCode=0xc0000005, reading address 0x0000000000000014

Registers:
RAX=0x0000000000000080, RBX=0x0000000001f05800, RCX=0x000000000000000c, RDX=0x0000000000000001
RSP=0x0000000001efe1a0, RBP=0x0000000000000000, RSI=0x0000000000000080, RDI=0x0000000001f05e18
R8 =0x0000000000000010, R9 =0x0000000000000008, R10=0x000000000000000c, R11=0x000000005584c348
R12=0x000000001b609130, R13=0x000000001b11ceb8, R14=0x0000000001efe458, R15=0x0000000001f05800
RIP=0x000000005519aeb0, EFLAGS=0x0000000000010202

Top of Stack: (sp=0x0000000001efe1a0)
0x0000000001efe1a0:   0000000000000000 0000000001efe458
0x0000000001efe1b0:   0000000001efe270 000000001dd954c4
0x0000000001efe1c0:   0000000001f05800 0000000001f05e18
0x0000000001efe1d0:   0000000001f05800 0000000001f05e18
0x0000000001efe1e0:   0000000000000a1d 0000000055644c10
0x0000000001efe1f0:   0000000000000000 000000001dd955af
0x0000000001efe200:   0000000001f059f8 0000000001f059f8
0x0000000001efe210:   0000000001efe270 0000000001efe458
0x0000000001efe220:   0000000001efe284 0000000002024303
0x0000000001efe230:   0000000001efe458 0000000000200000
0x0000000001efe240:   0000000000000000 000000001dd74590
0x0000000001efe250:   000000001dd74558 0000000001f05800
0x0000000001efe260:   0000000001dfef48 0000000001dfeb70
0x0000000001efe270:   0000000100000114 0000000100000001
0x0000000001efe280:   0000000000000000 0000000001efe3a0
0x0000000001efe290:   0000000001efe310 0000000001dfeb60 

Instructions: (pc=0x000000005519aeb0)
0x000000005519ae90:   cd 04 6b 00 41 b8 10 00 00 00 41 ba 0c 00 00 00
0x000000005519aea0:   84 d2 41 8b c0 41 0f 45 c2 48 63 c8 8d 44 35 00
0x000000005519aeb0:   42 3b 04 09 0f 87 e6 00 00 00 85 f6 7e 5d 84 d2
0x000000005519aec0:   74 16 41 8b 41 08 8b 0d dc 38 64 00 48 d3 e0 48 


Register to memory mapping:

RAX=0x0000000000000080 is an unknown value
RBX=0x0000000001f05800 is a thread
RCX=0x000000000000000c is an unknown value
RDX=0x0000000000000001 is an unknown value
RSP=0x0000000001efe1a0 is pointing into the stack for thread: 0x0000000001f05800
RBP=0x0000000000000000 is an unknown value
RSI=0x0000000000000080 is an unknown value
RDI=0x0000000001f05e18 is an unknown value
R8 =0x0000000000000010 is an unknown value
R9 =0x0000000000000008 is an unknown value
R10=0x000000000000000c is an unknown value
R11=0x000000005584c348 is an unknown value
R12=0x000000001b609130 is an unknown value
R13={method} {0x000000001b11cec0} 'GetVersionExW' '(Lorg/eclipse/swt/internal/win32/OSVERSIONINFOW;)Z' in 'org/eclipse/swt/internal/win32/OS'
R14=0x0000000001efe458 is pointing into the stack for thread: 0x0000000001f05800
R15=0x0000000001f05800 is a thread


Stack: [0x0000000001e00000,0x0000000001f00000],  sp=0x0000000001efe1a0,  free space=1016k
Native frames: (J=compiled Java code, j=interpreted, Vv=VM code, C=native code)

Java frames: (J=compiled Java code, j=interpreted, Vv=VM code)
j  org.eclipse.swt.internal.win32.OS.GetVersionExW(Lorg/eclipse/swt/internal/win32/OSVERSIONINFOW;)Z+0
j  org.eclipse.swt.internal.win32.OS.<clinit>()V+25
v  ~StubRoutines::call_stub
j  org.eclipse.swt.widgets.Display.<clinit>()V+12
v  ~StubRoutines::call_stub
j  br.com.fiap.view.Tela.open()V+0
j  br.com.fiap.view.Tela.main([Ljava/lang/String;)V+9
v  ~StubRoutines::call_stub

---------------  P R O C E S S  ---------------

Java Threads: ( => current thread )
  0x000000001cf6d000 JavaThread "Service Thread" daemon [_thread_blocked, id=2104, stack(0x000000001d350000,0x000000001d450000)]
  0x000000001b620800 JavaThread "C1 CompilerThread2" daemon [_thread_blocked, id=5716, stack(0x000000001ce50000,0x000000001cf50000)]
  0x000000001b61b000 JavaThread "C2 CompilerThread1" daemon [_thread_blocked, id=4320, stack(0x000000001cd50000,0x000000001ce50000)]
  0x000000001b615800 JavaThread "C2 CompilerThread0" daemon [_thread_blocked, id=2776, stack(0x000000001cc50000,0x000000001cd50000)]
  0x000000001b613800 JavaThread "Attach Listener" daemon [_thread_blocked, id=3652, stack(0x000000001cb50000,0x000000001cc50000)]
  0x000000001b610000 JavaThread "Signal Dispatcher" daemon [_thread_blocked, id=4180, stack(0x000000001ca50000,0x000000001cb50000)]
  0x000000001b5fa000 JavaThread "Finalizer" daemon [_thread_blocked, id=3100, stack(0x000000001c860000,0x000000001c960000)]
  0x000000001b5d9000 JavaThread "Reference Handler" daemon [_thread_blocked, id=3884, stack(0x000000001c760000,0x000000001c860000)]
=>0x0000000001f05800 JavaThread "main" [_thread_in_vm, id=5732, stack(0x0000000001e00000,0x0000000001f00000)]

Other Threads:
  0x000000001b5d6800 VMThread [stack: 0x000000001c660000,0x000000001c760000] [id=2024]
  0x000000001cfb2000 WatcherThread [stack: 0x000000001d450000,0x000000001d550000] [id=5244]

VM state:not at safepoint (normal execution)

VM Mutex/Monitor currently owned by a thread: None

Heap:
 PSYoungGen      total 76288K, used 10516K [0x000000076b180000, 0x0000000770680000, 0x00000007c0000000)
  eden space 65536K, 16% used [0x000000076b180000,0x000000076bbc53a0,0x000000076f180000)
  from space 10752K, 0% used [0x000000076fc00000,0x000000076fc00000,0x0000000770680000)
  to   space 10752K, 0% used [0x000000076f180000,0x000000076f180000,0x000000076fc00000)
 ParOldGen       total 175104K, used 0K [0x00000006c1400000, 0x00000006cbf00000, 0x000000076b180000)
  object space 175104K, 0% used [0x00000006c1400000,0x00000006c1400000,0x00000006cbf00000)
 Metaspace       used 5276K, capacity 5498K, committed 5760K, reserved 1056768K
  class space    used 532K, capacity 557K, committed 640K, reserved 1048576K

Card table byte_map: [0x00000000113c0000,0x0000000011bc0000] byte_map_base: 0x000000000ddb6000

Marking Bits: (ParMarkBitMap*) 0x000000005585a6c0
 Begin Bits: [0x0000000012510000, 0x00000000164c0000)
 End Bits:   [0x00000000164c0000, 0x000000001a470000)

Polling page: 0x0000000001c60000

CodeCache: size=245760Kb used=1779Kb max_used=1779Kb free=243980Kb
 bounds [0x0000000002000000, 0x0000000002270000, 0x0000000011000000]
 total_blobs=692 nmethods=289 adapters=316
 compilation: enabled

Compilation events (10 events):
Event: 0.329 Thread 0x000000001b620800  284       3       java.util.Arrays::copyOf (19 bytes)
Event: 0.329 Thread 0x000000001b620800 nmethod 284 0x00000000021bb190 code [0x00000000021bb300, 0x00000000021bb628]
Event: 0.378 Thread 0x000000001b620800  286       1       java.lang.ClassLoaderHelper::mapAlternativeName (2 bytes)
Event: 0.378 Thread 0x000000001b620800 nmethod 286 0x00000000021bab50 code [0x00000000021baca0, 0x00000000021bad90]
Event: 0.383 Thread 0x000000001b620800  287       3       java.lang.String::<init> (15 bytes)
Event: 0.383 Thread 0x000000001b620800 nmethod 287 0x00000000021ba050 code [0x00000000021ba1e0, 0x00000000021ba5c8]
Event: 0.384 Thread 0x000000001b620800  289       3       java.io.File::exists (43 bytes)
Event: 0.384 Thread 0x000000001b620800 nmethod 289 0x00000000021b9910 code [0x00000000021b9aa0, 0x00000000021b9f28]
Event: 0.386 Thread 0x000000001b620800  290       3       java.io.WinNTFileSystem::resolve (231 bytes)
Event: 0.387 Thread 0x000000001b620800 nmethod 290 0x00000000021bc210 code [0x00000000021bc4e0, 0x00000000021bdd68]

GC Heap History (0 events):
No events

Deoptimization events (2 events):
Event: 0.347 Thread 0x0000000001f05800 Uncommon trap: reason=bimorphic action=maybe_recompile pc=0x000000000218691c method=java.util.HashMap.putVal(ILjava/lang/Object;Ljava/lang/Object;ZZ)Ljava/lang/Object; @ 56
Event: 0.347 Thread 0x0000000001f05800 Uncommon trap: reason=bimorphic action=maybe_recompile pc=0x000000000218691c method=java.util.HashMap.putVal(ILjava/lang/Object;Ljava/lang/Object;ZZ)Ljava/lang/Object; @ 56

Internal exceptions (6 events):
Event: 0.031 Thread 0x0000000001f05800 Exception <a 'java/lang/NoSuchMethodError': Method sun.misc.Unsafe.defineClass(Ljava/lang/String;[BII)Ljava/lang/Class; name or signature does not match> (0x000000076b187c78) thrown at [C:\re\workspace\8-2-build-windows-amd64-cygwin\jdk8u111\7883\hotspot\
Event: 0.031 Thread 0x0000000001f05800 Exception <a 'java/lang/NoSuchMethodError': Method sun.misc.Unsafe.prefetchRead(Ljava/lang/Object;J)V name or signature does not match> (0x000000076b187f60) thrown at [C:\re\workspace\8-2-build-windows-amd64-cygwin\jdk8u111\7883\hotspot\src\share\vm\prims
Event: 0.387 Thread 0x0000000001f05800 Exception <a 'java/lang/NoSuchFieldError': iGlowSize> (0x000000076bac5cf8) thrown at [C:\re\workspace\8-2-build-windows-amd64-cygwin\jdk8u111\7883\hotspot\src\share\vm\prims\jni.cpp, line 2589]
Event: 0.387 Thread 0x0000000001f05800 Exception <a 'java/lang/NoSuchFieldError': extCallback> (0x000000076bac5f40) thrown at [C:\re\workspace\8-2-build-windows-amd64-cygwin\jdk8u111\7883\hotspot\src\share\vm\prims\jni.cpp, line 2589]
Event: 0.387 Thread 0x0000000001f05800 Exception <a 'java/lang/NoSuchFieldError': es> (0x000000076bac6178) thrown at [C:\re\workspace\8-2-build-windows-amd64-cygwin\jdk8u111\7883\hotspot\src\share\vm\prims\jni.cpp, line 2589]
Event: 0.387 Thread 0x0000000001f05800 Exception <a 'java/lang/NoSuchFieldError': szCSDVersion> (0x000000076bac63c0) thrown at [C:\re\workspace\8-2-build-windows-amd64-cygwin\jdk8u111\7883\hotspot\src\share\vm\prims\jni.cpp, line 2589]

Events (10 events):
Event: 0.322 loading class java/lang/ClassLoaderHelper
Event: 0.322 loading class java/lang/ClassLoaderHelper done
Event: 0.347 Thread 0x0000000001f05800 Uncommon trap: trap_request=0xffffffc6 fr.pc=0x000000000218691c
Event: 0.347 Thread 0x0000000001f05800 DEOPT PACKING pc=0x000000000218691c sp=0x0000000001efdd70
Event: 0.347 Thread 0x0000000001f05800 DEOPT UNPACKING pc=0x000000000204582a sp=0x0000000001efdcd0 mode 2
Event: 0.347 Thread 0x0000000001f05800 Uncommon trap: trap_request=0xffffffc6 fr.pc=0x000000000218691c
Event: 0.347 Thread 0x0000000001f05800 DEOPT PACKING pc=0x000000000218691c sp=0x0000000001efdd70
Event: 0.347 Thread 0x0000000001f05800 DEOPT UNPACKING pc=0x000000000204582a sp=0x0000000001efdcd0 mode 2
Event: 0.387 loading class java/lang/NoSuchFieldError
Event: 0.387 loading class java/lang/NoSuchFieldError done


Dynamic libraries:
0x00007ff71d140000 - 0x00007ff71d177000 	C:\Program Files\Java\jre1.8.0_111\bin\javaw.exe
0x00007ffba68a0000 - 0x00007ffba6a4d000 	C:\windows\SYSTEM32\ntdll.dll
0x00007ffba5e50000 - 0x00007ffba5f8e000 	C:\windows\system32\KERNEL32.DLL
0x00007ffba3da0000 - 0x00007ffba3eb5000 	C:\windows\system32\KERNELBASE.dll
0x00007ffba22c0000 - 0x00007ffba234e000 	C:\windows\system32\apphelp.dll
0x00007ffb947d0000 - 0x00007ffb94823000 	C:\windows\AppPatch\AppPatch64\AcGenral.DLL
0x00007ffba57b0000 - 0x00007ffba585a000 	C:\windows\system32\msvcrt.dll
0x00007ffba3cc0000 - 0x00007ffba3cee000 	C:\windows\system32\SspiCli.dll
0x00007ffba6780000 - 0x00007ffba67d4000 	C:\windows\system32\SHLWAPI.dll
0x00007ffba58b0000 - 0x00007ffba5a27000 	C:\windows\system32\USER32.dll
0x00007ffba5cb0000 - 0x00007ffba5e44000 	C:\windows\system32\ole32.dll
0x00007ffba4280000 - 0x00007ffba57a8000 	C:\windows\system32\SHELL32.dll
0x00007ffba2f90000 - 0x00007ffba2fb1000 	C:\windows\SYSTEM32\USERENV.dll
0x00007ffba5a30000 - 0x00007ffba5ada000 	C:\windows\system32\ADVAPI32.dll
0x00007ffb9cee0000 - 0x00007ffb9cefe000 	C:\windows\SYSTEM32\MPR.dll
0x00007ffba6330000 - 0x00007ffba6470000 	C:\windows\system32\RPCRT4.dll
0x00007ffba6630000 - 0x00007ffba6689000 	C:\windows\SYSTEM32\sechost.dll
0x00007ffba3f30000 - 0x00007ffba4141000 	C:\windows\SYSTEM32\combase.dll
0x00007ffba61d0000 - 0x00007ffba631f000 	C:\windows\system32\GDI32.dll
0x00007ffba39c0000 - 0x00007ffba39d5000 	C:\windows\SYSTEM32\profapi.dll
0x00007ffba2200000 - 0x00007ffba22b2000 	C:\windows\SYSTEM32\SHCORE.dll
0x00007ffba5860000 - 0x00007ffba5896000 	C:\windows\system32\IMM32.DLL
0x00007ffba5ae0000 - 0x00007ffba5c32000 	C:\windows\system32\MSCTF.dll
0x00007ffba1830000 - 0x00007ffba1aab000 	C:\windows\WinSxS\amd64_microsoft.windows.common-controls_6595b64144ccf1df_6.0.9600.18006_none_623f33d3ecbe86e8\COMCTL32.dll
0x0000000054bf0000 - 0x0000000054cc2000 	C:\Program Files\Java\jre1.8.0_111\bin\msvcr100.dll
0x0000000055040000 - 0x00000000558da000 	C:\Program Files\Java\jre1.8.0_111\bin\server\jvm.dll
0x00007ffb9c5b0000 - 0x00007ffb9c5b9000 	C:\windows\SYSTEM32\WSOCK32.dll
0x00007ffb8b2f0000 - 0x00007ffb8b312000 	C:\windows\SYSTEM32\WINMM.dll
0x00007ffba2430000 - 0x00007ffba243a000 	C:\windows\SYSTEM32\VERSION.dll
0x00007ffba3f20000 - 0x00007ffba3f27000 	C:\windows\system32\PSAPI.DLL
0x00007ffba6170000 - 0x00007ffba61ca000 	C:\windows\system32\WS2_32.dll
0x00007ffb8b290000 - 0x00007ffb8b2ba000 	C:\windows\SYSTEM32\WINMMBASE.dll
0x00007ffba5ca0000 - 0x00007ffba5ca9000 	C:\windows\system32\NSI.dll
0x00007ffba3a90000 - 0x00007ffba3adf000 	C:\windows\SYSTEM32\cfgmgr32.dll
0x00007ffba27e0000 - 0x00007ffba2808000 	C:\windows\SYSTEM32\DEVOBJ.dll
0x0000000054f50000 - 0x0000000054f5f000 	C:\Program Files\Java\jre1.8.0_111\bin\verify.dll
0x0000000054f20000 - 0x0000000054f49000 	C:\Program Files\Java\jre1.8.0_111\bin\java.dll
0x0000000054f00000 - 0x0000000054f16000 	C:\Program Files\Java\jre1.8.0_111\bin\zip.dll
0x000000001dd50000 - 0x000000001ddf7000 	C:\Users\logonpf\.swt\lib\win32\x86_64\swt-win32-4626.dll
0x00007ffba66b0000 - 0x00007ffba6776000 	C:\windows\system32\OLEAUT32.dll
0x00007ffba4150000 - 0x00007ffba4206000 	C:\windows\system32\comdlg32.dll
0x00007ffba0e10000 - 0x00007ffba0e92000 	C:\windows\SYSTEM32\WINSPOOL.DRV
0x00007ffb9cde0000 - 0x00007ffb9cdf6000 	C:\windows\SYSTEM32\USP10.dll
0x00007ffb9d5f0000 - 0x00007ffb9d8c2000 	C:\windows\SYSTEM32\WININET.dll
0x00007ffba3ae0000 - 0x00007ffba3cbf000 	C:\windows\system32\CRYPT32.dll
0x00007ffb9d8d0000 - 0x00007ffb9db9a000 	C:\windows\SYSTEM32\iertutil.dll
0x00007ffba3a70000 - 0x00007ffba3a81000 	C:\windows\system32\MSASN1.dll
0x00007ffb93630000 - 0x00007ffb937b9000 	C:\windows\SYSTEM32\dbghelp.dll

VM Arguments:
jvm_args: -Dfile.encoding=Cp1252 
java_command: br.com.fiap.view.Tela
java_class_path (initial): E:\Projetos FIAP\2TDSS - Digital\11-WebserviceSOAP-requester-banco-desktop\bin;C:\opensource\eclipse-neon\plugins\org.eclipse.osgi_3.11.1.v20160708-1632.jar;C:\opensource\eclipse-neon\plugins\org.eclipse.core.commands_3.8.0.v20160316-1921.jar;C:\opensource\eclipse-neon\plugins\org.eclipse.equinox.common_3.8.0.v20160509-1230.jar;C:\opensource\eclipse-neon\plugins\org.eclipse.equinox.registry_3.6.100.v20160223-2218.jar;C:\opensource\eclipse-neon\plugins\org.eclipse.core.runtime_3.12.0.v20160606-1342.jar;C:\opensource\eclipse-neon\plugins\org.eclipse.text_3.6.0.v20160503-1849.jar;C:\opensource\eclipse-neon\plugins\org.eclipse.swt.win32.win32.x86_64_3.105.1.v20160907-0248.jar;C:\opensource\eclipse-neon\plugins\org.eclipse.jface_3.12.0.v20160518-1929.jar;C:\opensource\eclipse-neon\plugins\org.eclipse.jface.text_3.11.1.v20160819-1517.jar;C:\opensource\eclipse-neon\plugins\org.eclipse.ui.workbench_3.108.1.v20160819-2118.jar;C:\opensource\eclipse-neon\plugins\com.ibm.icu_56.1.0.v201601250100.jar;C:\opensource\eclipse-neon\plugins\org.eclipse.ui.forms_3.7.0.v20160518-1929.jar;E:\Projetos FIAP\2TDSS - Digital\11-WebserviceSOAP-requester-banco-desktop\lib\activation-1.1.jar;E:\Projetos FIAP\2TDSS - Digital\11-WebserviceSOAP-requester-banco-desktop\lib\antlr-2.7.7.jar;E:\Projetos FIAP\2TDSS - Digital\11-WebserviceSOAP-requester-banco-desktop\lib\apache-mime4j-core-0.7.2.jar;E:\Projetos FIAP\2TDSS - Digital\11-WebserviceSOAP-requester-banco-desktop\lib\axiom-api-1.2.13.jar;E:\Projetos FIAP\2TDSS - Digital\11-WebserviceSOAP-requester-banco-desktop\lib\axiom-dom-1.2.13.jar;E:\Projetos FIAP\2TDSS - Digital\11-WebserviceSOAP-requester-banco-desktop\lib\axiom-impl-1.2.13.jar;E:\Projetos FIAP\2TDSS - Digital\11-WebserviceSOAP-requester-banco-desktop\lib\axis2-adb-1.6.2.jar;E:\Projetos FIAP\2TDSS - Digital\11-WebserviceSOAP-requester-banco-desktop\lib\axis2-adb-codegen-1.6.2.jar;E:\Projetos FIAP\2TDSS - Digital\11-WebserviceSOAP-requester-banco-desktop\lib\
Launcher Type: SUN_STANDARD

Environment Variables:
JAVA_HOME=C:\Program Files\Java\jdk1.8.0_111\bin
JRE_HOME=C:\Program Files\Java\jdk1.8.0_111
CLASSPATH=C:\Program Files\Java\jdk1.8.0_111\bin
PATH=C:/Program Files/Java/jre1.8.0_111/bin/server;C:/Program Files/Java/jre1.8.0_111/bin;C:/Program Files/Java/jre1.8.0_111/lib/amd64;C:\Program Files (x86)\NVIDIA Corporation\PhysX\Common;C:\Oracle\product\12.1.0\client_1\bin;C:\Python35\Scripts\;C:\Python35\;C:\Python27\;C:\Python27\Scripts;C:\ProgramData\Oracle\Java\javapath;C:\windows\system32;C:\windows;C:\windows\System32\Wbem;C:\windows\System32\WindowsPowerShell\v1.0\;C:\Program Files (x86)\Skype\Phone\;C:\Program Files\Java\jdk1.8.0_111;C:\Program Files (x86)\WinSCP\;C:\Program Files\Microsoft DNX\Dnvm\;C:\Program Files (x86)\Windows Kits\8.1\Windows Performance Toolkit\;C:\Program Files\Microsoft SQL Server\130\Tools\Binn\;C:\Program Files\Git\cmd;C:\Program Files\nodejs\;C:\Program Files (x86)\Microsoft SQL Server\Client SDK\ODBC\130\Tools\Binn\;C:\Program Files (x86)\Microsoft SQL Server\130\Tools\Binn\;C:\Program Files (x86)\Microsoft SQL Server\130\DTS\Binn\;C:\Program Files (x86)\Microsoft SQL Server\130\Tools\Binn\ManagementStudio\;C:\Program Files\MySQL\MySQL Utilities 1.6\;c:\Program Files (x86)\Microsoft SQL Server\110\Tools\Binn\;c:\Program Files\Microsoft SQL Server\110\Tools\Binn\;c:\Program Files\Microsoft SQL Server\110\DTS\Binn\;C:\Program Files (x86)\Microsoft Emulator Manager\1.0\;C:\Program Files (x86)\mosquitto;C:\Program Files\MongoDB\Server\3.2\bin;C:\Program Files (x86)\Shield;C:\Users\Administrator\AppData\Local\atom\bin;C:\Program Files (x86)\Microsoft VS Code\bin;C:\Program Files\Java\jdk1.8.0_111\bin;C:\Users\Administrator\AppData\Roaming\npm;C:\Program Files (x86)\Nmap;C:\Program Files\Docker Toolbox;C:\opensource\eclipse-neon;
USERNAME=logonpf
OS=Windows_NT
PROCESSOR_IDENTIFIER=Intel64 Family 6 Model 60 Stepping 3, GenuineIntel



---------------  S Y S T E M  ---------------

OS: Windows 8.1 , 64 bit Build 9600 (6.3.9600.17415)

CPU:total 4 (4 cores per cpu, 1 threads per core) family 6 model 58 stepping 9, cmov, cx8, fxsr, mmx, sse, sse2, sse3, ssse3, sse4.1, sse4.2, popcnt, avx, aes, clmul, erms, tsc, tscinvbit, tscinv

Memory: 4k page, physical 16693772k(12703336k free), swap 19184140k(14347864k free)

vm_info: Java HotSpot(TM) 64-Bit Server VM (25.111-b14) for windows-amd64 JRE (1.8.0_111-b14), built on Sep 22 2016 19:24:05 by "java_re" with MS VC++ 10.0 (VS2010)

time: Thu Mar 09 20:37:39 2017
elapsed time: 0 seconds (0d 0h 0m 0s)

